/home/zyang/IS/cudaVsCpu.py:122: FutureWarning: DataFrame.applymap has been deprecated. Use DataFrame.map instead.
  pivot = pivot.applymap(lambda x: f"{x:.3f} ms" if pd.notna(x) else "")
✅ CUDA available: NVIDIA GeForce RTX 3080
Using devices: [device(type='cpu'), device(type='cuda')]
zailuApprox (cpu): 0.421259s
zailuNormal (cpu): 0.515394s
squareplus (cpu): 0.349040s
swish (cpu): 0.097133s
elu (cpu): 0.064868s
hardshrink (cpu): 0.041918s
hardsigmoid (cpu): 0.049382s
hardtanh (cpu): 0.078182s
hardswish (cpu): 0.052628s
leaky_relu (cpu): 0.064876s
logsigmoid (cpu): 0.150342s
prelu (cpu): 0.122543s
relu (cpu): 0.049900s
relu6 (cpu): 0.066858s
rrelu (cpu): 0.186940s
selu (cpu): 0.053877s
celu (cpu): 0.066978s
gelu (cpu): 0.205080s
sigmoid (cpu): 0.054623s
silu (cpu): 0.057730s
mish (cpu): 0.161560s
softplus (cpu): 0.066293s
softshrink (cpu): 0.043713s
softsign (cpu): 0.209123s
tanh (cpu): 0.051231s
tanhshrink (cpu): 0.096329s
threshold (cpu): 0.092049s
glu (cpu): 0.089568s
identity (cpu): 0.001115s
zailuApprox (cuda): 0.800709s
zailuNormal (cuda): 0.675182s
squareplus (cuda): 0.641987s
swish (cuda): 0.232365s
elu (cuda): 0.138088s
hardshrink (cuda): 0.119944s
hardsigmoid (cuda): 0.126142s
hardtanh (cuda): 0.165374s
hardswish (cuda): 0.132172s
leaky_relu (cuda): 0.136378s
logsigmoid (cuda): 0.141434s
prelu (cuda): 0.403727s
relu (cuda): 0.130445s
relu6 (cuda): 0.153058s
rrelu (cuda): 0.188434s
selu (cuda): 0.127573s
celu (cuda): 0.139008s
gelu (cuda): 0.118263s
sigmoid (cuda): 0.115933s
silu (cuda): 0.122943s
mish (cuda): 0.153729s
softplus (cuda): 0.120274s
softshrink (cuda): 0.117484s
softsign (cuda): 0.400578s
tanh (cuda): 0.117666s
tanhshrink (cuda): 0.235848s
threshold (cuda): 0.172364s
glu (cuda): 0.160625s
identity (cuda): 0.001087s

✅ Saved raw benchmark data to activation_benchmarks_raw.csv

=== Formatted Results (ms per 10k runs) ===
device              CPU  GPU (CUDA)
activation                         
identity       1.115 ms    1.087 ms
hardshrink    41.918 ms  119.944 ms
softshrink    43.713 ms  117.484 ms
hardsigmoid   49.382 ms  126.142 ms
relu          49.900 ms  130.445 ms
tanh          51.231 ms  117.666 ms
hardswish     52.628 ms  132.172 ms
selu          53.877 ms  127.573 ms
sigmoid       54.623 ms  115.933 ms
silu          57.730 ms  122.943 ms
elu           64.868 ms  138.088 ms
leaky_relu    64.876 ms  136.378 ms
softplus      66.293 ms  120.274 ms
relu6         66.858 ms  153.058 ms
celu          66.978 ms  139.008 ms
hardtanh      78.182 ms  165.374 ms
glu           89.568 ms  160.625 ms
threshold     92.049 ms  172.364 ms
tanhshrink    96.329 ms  235.848 ms
swish         97.133 ms  232.365 ms
prelu        122.543 ms  403.727 ms
logsigmoid   150.342 ms  141.434 ms
mish         161.560 ms  153.729 ms
rrelu        186.940 ms  188.434 ms
gelu         205.080 ms  118.263 ms
softsign     209.123 ms  400.578 ms
squareplus   349.040 ms  641.987 ms
zailuApprox  421.259 ms  800.709 ms
zailuNormal  515.394 ms  675.182 ms

✅ Saved formatted table to activation_benchmarks_formatted.csv
