Files already downloaded and verified
Files already downloaded and verified

=== Trial 1/3 ===

Training GELU_A model with param=0...
[Epoch 1/100] Train Loss: 2.1332
[Epoch 1/100] Test Loss: 2.0127 | Accuracy: 26.01%
[Epoch 2/100] Train Loss: 1.9953
[Epoch 2/100] Test Loss: 1.9444 | Accuracy: 27.28%
[Epoch 3/100] Train Loss: 1.8967
[Epoch 3/100] Test Loss: 1.8135 | Accuracy: 30.28%
[Epoch 4/100] Train Loss: 1.7635
[Epoch 4/100] Test Loss: 1.7277 | Accuracy: 33.92%
[Epoch 5/100] Train Loss: 1.7003
[Epoch 5/100] Test Loss: 1.6782 | Accuracy: 36.73%
[Epoch 6/100] Train Loss: 1.6665
[Epoch 6/100] Test Loss: 1.6486 | Accuracy: 37.53%
[Epoch 7/100] Train Loss: 1.6321
[Epoch 7/100] Test Loss: 1.6114 | Accuracy: 39.00%
[Epoch 8/100] Train Loss: 1.6009
[Epoch 8/100] Test Loss: 1.5910 | Accuracy: 40.27%
[Epoch 9/100] Train Loss: 1.5746
[Epoch 9/100] Test Loss: 1.5652 | Accuracy: 41.14%
[Epoch 10/100] Train Loss: 1.5492
[Epoch 10/100] Test Loss: 1.5398 | Accuracy: 42.20%
[Epoch 11/100] Train Loss: 1.5243
[Epoch 11/100] Test Loss: 1.5108 | Accuracy: 43.87%
[Epoch 12/100] Train Loss: 1.5003
[Epoch 12/100] Test Loss: 1.4826 | Accuracy: 45.02%
[Epoch 13/100] Train Loss: 1.4733
[Epoch 13/100] Test Loss: 1.4599 | Accuracy: 46.00%
[Epoch 14/100] Train Loss: 1.4488
[Epoch 14/100] Test Loss: 1.4318 | Accuracy: 47.16%
[Epoch 15/100] Train Loss: 1.4210
[Epoch 15/100] Test Loss: 1.4063 | Accuracy: 48.06%
[Epoch 16/100] Train Loss: 1.3921
[Epoch 16/100] Test Loss: 1.3835 | Accuracy: 49.32%
[Epoch 17/100] Train Loss: 1.3641
